F:\2nd project\2nd project\app.js
F:\2nd project\2nd project\app.js.map
F:\2nd project\2nd project\Belt\Belt.js
F:\2nd project\2nd project\Belt\Belt.js.map
F:\2nd project\2nd project\Belt\BuckleMaterial.js
F:\2nd project\2nd project\Belt\BuckleMaterial.js.map
F:\2nd project\2nd project\FemaleLegWear\Dress.js
F:\2nd project\2nd project\FemaleLegWear\Dress.js.map
F:\2nd project\2nd project\FemaleLegWear\EveningDress.js
F:\2nd project\2nd project\FemaleLegWear\EveningDress.js.map
F:\2nd project\2nd project\FemaleLegWear\FemaleLegWear.js
F:\2nd project\2nd project\FemaleLegWear\FemaleLegWear.js.map
F:\2nd project\2nd project\FemaleLegWear\Skirt.js
F:\2nd project\2nd project\FemaleLegWear\Skirt.js.map
F:\2nd project\2nd project\FemaleLegWear\SkirtType.js
F:\2nd project\2nd project\FemaleLegWear\SkirtType.js.map
F:\2nd project\2nd project\Generator.js
F:\2nd project\2nd project\Generator.js.map
F:\2nd project\2nd project\Hats\CasketHat.js
F:\2nd project\2nd project\Hats\CasketHat.js.map
F:\2nd project\2nd project\Clothes.js
F:\2nd project\2nd project\Clothes.js.map
F:\2nd project\2nd project\Belt\Dimentions.js
F:\2nd project\2nd project\Belt\Dimentions.js.map
F:\2nd project\2nd project\Garments.js
F:\2nd project\2nd project\Garments.js.map
F:\2nd project\2nd project\Glasses\Glasses.js
F:\2nd project\2nd project\Glasses\Glasses.js.map
F:\2nd project\2nd project\Hats\Hat.js
F:\2nd project\2nd project\Hats\Hat.js.map
F:\2nd project\2nd project\OuterWear\Coat.js
F:\2nd project\2nd project\OuterWear\Coat.js.map
F:\2nd project\2nd project\OuterWear\Jacket.js
F:\2nd project\2nd project\OuterWear\Jacket.js.map
F:\2nd project\2nd project\OuterWear\OuterWear.js
F:\2nd project\2nd project\OuterWear\OuterWear.js.map
F:\2nd project\2nd project\Glasses\ReadingGlasses.js
F:\2nd project\2nd project\Glasses\ReadingGlasses.js.map
F:\2nd project\2nd project\Glasses\SunGlasses.js
F:\2nd project\2nd project\Glasses\SunGlasses.js.map
F:\2nd project\2nd project\Hats\TopHat.js
F:\2nd project\2nd project\Hats\TopHat.js.map
F:\2nd project\2nd project\Pants\Jeans.js
F:\2nd project\2nd project\Pants\Jeans.js.map
F:\2nd project\2nd project\Pants\Pants.js
F:\2nd project\2nd project\Pants\Pants.js.map
F:\2nd project\2nd project\Pants\ShortPants.js
F:\2nd project\2nd project\Pants\ShortPants.js.map
F:\2nd project\2nd project\Pants\TrainingPants.js
F:\2nd project\2nd project\Pants\TrainingPants.js.map
F:\2nd project\2nd project\Shirt\ButtonShirt.js
F:\2nd project\2nd project\Shirt\ButtonShirt.js.map
F:\2nd project\2nd project\Shirt\Shirt.js
F:\2nd project\2nd project\Shirt\Shirt.js.map
F:\2nd project\2nd project\Shirt\TShirt.js
F:\2nd project\2nd project\Shirt\TShirt.js.map
F:\2nd project\2nd project\Shirt\WomenShirt.js
F:\2nd project\2nd project\Shirt\WomenShirt.js.map
F:\2nd project\2nd project\Shoes\ComfortShoes.js
F:\2nd project\2nd project\Shoes\ComfortShoes.js.map
F:\2nd project\2nd project\Shoes\ElegantShoes.js
F:\2nd project\2nd project\Shoes\ElegantShoes.js.map
F:\2nd project\2nd project\Shoes\FlatShoes.js
F:\2nd project\2nd project\Shoes\FlatShoes.js.map
F:\2nd project\2nd project\Shoes\Heels.js
F:\2nd project\2nd project\Shoes\Heels.js.map
F:\2nd project\2nd project\Shoes\HeelType.js
F:\2nd project\2nd project\Shoes\HeelType.js.map
F:\2nd project\2nd project\Shoes\ElegantShoesMaterial.js
F:\2nd project\2nd project\Shoes\ElegantShoesMaterial.js.map
F:\2nd project\2nd project\Shoes\Shoes.js
F:\2nd project\2nd project\Shoes\Shoes.js.map
F:\2nd project\2nd project\Shoes\SportShoes.js
F:\2nd project\2nd project\Shoes\SportShoes.js.map
F:\2nd project\2nd project\Test.js
F:\2nd project\2nd project\Test.js.map
